<?xml version="1.0" encoding="UTF-8" ?>
<testsuite errors="1" failures="3" hostname="A4XX-diasam" name="lgs.model.CircuitTest" skipped="0" tests="8" time="0.069" timestamp="2017-01-20T17:41:02">
  <properties>
    <property name="netbeans.autoupdate.country" value="IT" />
    <property name="javafx.binarycss" value="false" />
    <property name="javac.test.classpath" value="C:\Program Files\Java\jdk1.8.0_101\jre/lib/javaws.jar:C:\Program Files\Java\jdk1.8.0_101\jre/lib/deploy.jar:C:\Program Files\Java\jdk1.8.0_101\jre/lib/plugin.jar:build/classes:C:\Program Files\NetBeans 8.1\platform\modules\ext\junit-4.12.jar:C:\Program Files\NetBeans 8.1\platform\modules\ext\hamcrest-core-1.3.jar" />
    <property name="manifest.custom.codebase" value="*" />
    <property name="ant.core.lib" value="C:\Program Files\NetBeans 8.1\extide\ant\lib\ant.jar" />
    <property name="javadoc.windowtitle" value="" />
    <property name="javafx.preloader.enabled" value="false" />
    <property name="user.dir" value="C:\Users\Dias\.github\Progetto\logic-gates-simulatorSAM - Copia\src" />
    <property name="java.vm.version" value="25.101-b13" />
    <property name="libs.MySQLDriver.classpath" value="C:\Program Files\NetBeans 8.1\ide\modules\ext\mysql-connector-java-5.1.23-bin.jar" />
    <property name="libs.eclipselinkmodelgen.src" value="" />
    <property name="javadoc.notree" value="false" />
    <property name="netbeans.autoupdate.version" value="1.23" />
    <property name="javac.profile.cmd.line.arg" value="" />
    <property name="jdk.home" value="C:\Program Files\Java\jdk1.8.0_101" />
    <property name="libs.javac-api.src" value="" />
    <property name="javafx.enabled" value="true" />
    <property name="javadoc.noindex" value="false" />
    <property name="libs.jpa2-persistence.classpath" value="C:\Program Files\NetBeans 8.1\java\modules\ext\hibernate4\hibernate-jpa-2.1-api-1.0.0.Final.jar" />
    <property name="sun.os.patch.level" value="" />
    <property name="auxiliary.org-netbeans-modules-projectapi.issue214819_5f_fx_5f_enabled" value="true" />
    <property name="java.vm.specification.name" value="Java Virtual Machine Specification" />
    <property name="nb.show.statistics.ui" value="usageStatisticsEnabled" />
    <property name="netbeans.autoupdate.variant" value="" />
    <property name="have.tests" value="true" />
    <property name="org.xml.sax.driver" value="com.sun.org.apache.xerces.internal.jaxp.SAXParserImpl$JAXPSAXParser" />
    <property name="libs.hamcrest.classpath" value="C:\Program Files\NetBeans 8.1\platform\modules\ext\hamcrest-core-1.3.jar" />
    <property name="libs.javac-api.javadoc" value="" />
    <property name="os.name" value="Windows 8.1" />
    <property name="libs.beans-binding.classpath" value="C:\Program Files\NetBeans 8.1\java\modules\ext\beansbinding-1.2.1.jar" />
    <property name="ap.proc.none.internal" value="" />
    <property name="libs.JWSAntTasks.maven-pom" value="" />
    <property name="libs.testng.src" value="" />
    <property name="javafx.preloader.project.path" value="" />
    <property name="java.vendor.url.bug" value="http://bugreport.sun.com/bugreport/" />
    <property name="javafx.preloader.type" value="none" />
    <property name="libs.jaxb.maven-pom" value="" />
    <property name="os.arch" value="amd64" />
    <property name="libs.eclipselink.src" value="" />
    <property name="user.name" value="Dias" />
    <property name="copylibs.rebase" value="true" />
    <property name="libs.swing-layout.maven-pom" value="" />
    <property name="sun.java.command" value="org.apache.tools.ant.taskdefs.optional.junit.JUnitTestRunner lgs.model.CircuitTest skipNonTests=false filtertrace=true haltOnError=false haltOnFailure=false showoutput=true outputtoformatters=true logfailedtests=true threadid=0 logtestlistenerevents=true formatter=org.apache.tools.ant.taskdefs.optional.junit.BriefJUnitResultFormatter formatter=org.apache.tools.ant.taskdefs.optional.junit.XMLJUnitResultFormatter,C:\Users\Dias\.github\Progetto\logic-gates-simulatorSAM - Copia\src\build\test\results\TEST-lgs.model.CircuitTest.xml crashfile=C:\Users\Dias\.github\Progetto\logic-gates-simulatorSAM - Copia\src\build\junitvmwatcher5536340637623984540.properties propsfile=C:\Users\Dias\.github\Progetto\logic-gates-simulatorSAM - Copia\src\build\junit8442305939927104346.properties" />
    <property name="build.classes.dir" value="build/classes" />
    <property name="netbeans.accept_license_class" value="org.netbeans.license.AcceptLicense" />
    <property name="build.sysclasspath" value="ignore" />
    <property name="ap.supported.internal" value="true" />
    <property name="java.failonerror" value="true" />
    <property name="libs.jaxws21.javadoc" value="C:\Program Files\NetBeans 8.1\java\docs\jaxws-api-doc.zip" />
    <property name="javafx.run.width" value="800" />
    <property name="includes" value="**" />
    <property name="user.country" value="IT" />
    <property name="manifest.file" value="manifest.mf" />
    <property name="javadoc.encoding" value="UTF-8" />
    <property name="javac.classpath" value="C:\Program Files\Java\jdk1.8.0_101\jre/lib/javaws.jar:C:\Program Files\Java\jdk1.8.0_101\jre/lib/deploy.jar:C:\Program Files\Java\jdk1.8.0_101\jre/lib/plugin.jar" />
    <property name="libs.spring-framework400.classpath" value="C:\Program Files\NetBeans 8.1\ide\modules\org-apache-commons-logging.jar;C:\Program Files\NetBeans 8.1\java\modules\ext\cglib-2.2.jar;C:\Program Files\NetBeans 8.1\java\modules\ext\spring-4\spring-aop-4.0.1.RELEASE.jar;C:\Program Files\NetBeans 8.1\java\modules\ext\spring-4\spring-aspects-4.0.1.RELEASE.jar;C:\Program Files\NetBeans 8.1\java\modules\ext\spring-4\spring-beans-4.0.1.RELEASE.jar;C:\Program Files\NetBeans 8.1\java\modules\ext\spring-4\spring-build-src-4.0.1.RELEASE.jar;C:\Program Files\NetBeans 8.1\java\modules\ext\spring-4\spring-context-4.0.1.RELEASE.jar;C:\Program Files\NetBeans 8.1\java\modules\ext\spring-4\spring-context-support-4.0.1.RELEASE.jar;C:\Program Files\NetBeans 8.1\java\modules\ext\spring-4\spring-core-4.0.1.RELEASE.jar;C:\Program Files\NetBeans 8.1\java\modules\ext\spring-4\spring-expression-4.0.1.RELEASE.jar;C:\Program Files\NetBeans 8.1\java\modules\ext\spring-4\spring-framework-bom-4.0.1.RELEASE.jar;C:\Program Files\NetBeans 8.1\java\modules\ext\spring-4\spring-instrument-4.0.1.RELEASE.jar;C:\Program Files\NetBeans 8.1\java\modules\ext\spring-4\spring-instrument-tomcat-4.0.1.RELEASE.jar;C:\Program Files\NetBeans 8.1\java\modules\ext\spring-4\spring-jdbc-4.0.1.RELEASE.jar;C:\Program Files\NetBeans 8.1\java\modules\ext\spring-4\spring-jms-4.0.1.RELEASE.jar;C:\Program Files\NetBeans 8.1\java\modules\ext\spring-4\spring-messaging-4.0.1.RELEASE.jar;C:\Program Files\NetBeans 8.1\java\modules\ext\spring-4\spring-orm-4.0.1.RELEASE.jar;C:\Program Files\NetBeans 8.1\java\modules\ext\spring-4\spring-oxm-4.0.1.RELEASE.jar;C:\Program Files\NetBeans 8.1\java\modules\ext\spring-4\spring-test-4.0.1.RELEASE.jar;C:\Program Files\NetBeans 8.1\java\modules\ext\spring-4\spring-tx-4.0.1.RELEASE.jar;C:\Program Files\NetBeans 8.1\java\modules\ext\spring-4\spring-web-4.0.1.RELEASE.jar;C:\Program Files\NetBeans 8.1\java\modules\ext\spring-4\spring-webmvc-4.0.1.RELEASE.jar;C:\Program Files\NetBeans 8.1\java\modules\ext\spring-4\spring-webmvc-portlet-4.0.1.RELEASE.jar;C:\Program Files\NetBeans 8.1\java\modules\ext\spring-4\spring-websocket-4.0.1.RELEASE.jar" />
    <property name="debug-transport" value="dt_shmem" />
    <property name="netbeans.home" value="C:\Program Files\NetBeans 8.1\platform" />
    <property name="build.compiler.emacs" value="true" />
    <property name="javafx.deploy.includeDT" value="true" />
    <property name="java.endorsed.dirs" value="C:\Program Files\Java\jdk1.8.0_101\jre\lib\endorsed" />
    <property name="netbeans.dynamic.classpath" value="C:\Program Files\NetBeans 8.1\platform\core\asm-all-5.0.1.jar;C:\Program Files\NetBeans 8.1\platform\core\core-base.jar;C:\Program Files\NetBeans 8.1\platform\core\core.jar;C:\Program Files\NetBeans 8.1\platform\core\org-netbeans-libs-asm.jar;C:\Program Files\NetBeans 8.1\platform\core\org-openide-filesystems-compat8.jar;C:\Program Files\NetBeans 8.1\platform\core\org-openide-filesystems.jar;C:\Program Files\NetBeans 8.1\platform\core\locale\core-base_de.jar;C:\Program Files\NetBeans 8.1\platform\core\locale\core-base_es.jar;C:\Program Files\NetBeans 8.1\platform\core\locale\core-base_fr.jar;C:\Program Files\NetBeans 8.1\platform\core\locale\core-base_it.jar;C:\Program Files\NetBeans 8.1\platform\core\locale\core_ar_SA.jar;C:\Program Files\NetBeans 8.1\platform\core\locale\core_bg.jar;C:\Program Files\NetBeans 8.1\platform\core\locale\core_ca.jar;C:\Program Files\NetBeans 8.1\platform\core\locale\core_cs.jar;C:\Program Files\NetBeans 8.1\platform\core\locale\core_de.jar;C:\Program Files\NetBeans 8.1\platform\core\locale\core_es.jar;C:\Program Files\NetBeans 8.1\platform\core\locale\core_fr.jar;C:\Program Files\NetBeans 8.1\platform\core\locale\core_gl_ES.jar;C:\Program Files\NetBeans 8.1\platform\core\locale\core_in_ID.jar;C:\Program Files\NetBeans 8.1\platform\core\locale\core_it.jar;C:\Program Files\NetBeans 8.1\platform\core\locale\core_ko.jar;C:\Program Files\NetBeans 8.1\platform\core\locale\core_nl_NL.jar;C:\Program Files\NetBeans 8.1\platform\core\locale\core_pl.jar;C:\Program Files\NetBeans 8.1\platform\core\locale\core_pt_PT.jar;C:\Program Files\NetBeans 8.1\platform\core\locale\core_ro.jar;C:\Program Files\NetBeans 8.1\platform\core\locale\core_si.jar;C:\Program Files\NetBeans 8.1\platform\core\locale\core_sq.jar;C:\Program Files\NetBeans 8.1\platform\core\locale\core_sv.jar;C:\Program Files\NetBeans 8.1\platform\core\locale\core_tr.jar;C:\Program Files\NetBeans 8.1\platform\core\locale\core_zh_TW.jar;C:\Program Files\NetBeans 8.1\platform\core\locale\org-netbeans-libs-asm_de.jar;C:\Program Files\NetBeans 8.1\platform\core\locale\org-netbeans-libs-asm_es.jar;C:\Program Files\NetBeans 8.1\platform\core\locale\org-netbeans-libs-asm_fr.jar;C:\Program Files\NetBeans 8.1\platform\core\locale\org-netbeans-libs-asm_it.jar;C:\Program Files\NetBeans 8.1\platform\core\locale\org-openide-filesystems-compat8_de.jar;C:\Program Files\NetBeans 8.1\platform\core\locale\org-openide-filesystems-compat8_es.jar;C:\Program Files\NetBeans 8.1\platform\core\locale\org-openide-filesystems-compat8_fr.jar;C:\Program Files\NetBeans 8.1\platform\core\locale\org-openide-filesystems-compat8_it.jar;C:\Program Files\NetBeans 8.1\platform\core\locale\org-openide-filesystems_ar_SA.jar;C:\Program Files\NetBeans 8.1\platform\core\locale\org-openide-filesystems_bg.jar;C:\Program Files\NetBeans 8.1\platform\core\locale\org-openide-filesystems_ca.jar;C:\Program Files\NetBeans 8.1\platform\core\locale\org-openide-filesystems_cs.jar;C:\Program Files\NetBeans 8.1\platform\core\locale\org-openide-filesystems_de.jar;C:\Program Files\NetBeans 8.1\platform\core\locale\org-openide-filesystems_es.jar;C:\Program Files\NetBeans 8.1\platform\core\locale\org-openide-filesystems_fr.jar;C:\Program Files\NetBeans 8.1\platform\core\locale\org-openide-filesystems_gl_ES.jar;C:\Program Files\NetBeans 8.1\platform\core\locale\org-openide-filesystems_in_ID.jar;C:\Program Files\NetBeans 8.1\platform\core\locale\org-openide-filesystems_it.jar;C:\Program Files\NetBeans 8.1\platform\core\locale\org-openide-filesystems_ko.jar;C:\Program Files\NetBeans 8.1\platform\core\locale\org-openide-filesystems_nl_NL.jar;C:\Program Files\NetBeans 8.1\platform\core\locale\org-openide-filesystems_pl.jar;C:\Program Files\NetBeans 8.1\platform\core\locale\org-openide-filesystems_pt_PT.jar;C:\Program Files\NetBeans 8.1\platform\core\locale\org-openide-filesystems_ro.jar;C:\Program Files\NetBeans 8.1\platform\core\locale\org-openide-filesystems_si.jar;C:\Program Files\NetBeans 8.1\platform\core\locale\org-openide-filesystems_sq.jar;C:\Program Files\NetBeans 8.1\platform\core\locale\org-openide-filesystems_sv.jar;C:\Program Files\NetBeans 8.1\platform\core\locale\org-openide-filesystems_tr.jar;C:\Program Files\NetBeans 8.1\platform\core\locale\org-openide-filesystems_zh_TW.jar;C:\Program Files\NetBeans 8.1\nb\core\org-netbeans-upgrader.jar;C:\Program Files\NetBeans 8.1\nb\core\locale\core_nb.jar;C:\Program Files\NetBeans 8.1\nb\core\locale\core_nb_ca.jar;C:\Program Files\NetBeans 8.1\nb\core\locale\core_nb_de.jar;C:\Program Files\NetBeans 8.1\nb\core\locale\core_nb_es.jar;C:\Program Files\NetBeans 8.1\nb\core\locale\core_nb_fr.jar;C:\Program Files\NetBeans 8.1\nb\core\locale\core_nb_gl_ES.jar;C:\Program Files\NetBeans 8.1\nb\core\locale\core_nb_it.jar;C:\Program Files\NetBeans 8.1\nb\core\locale\core_nb_ko.jar;C:\Program Files\NetBeans 8.1\nb\core\locale\core_nb_nl_NL.jar;C:\Program Files\NetBeans 8.1\nb\core\locale\core_nb_sv.jar;C:\Program Files\NetBeans 8.1\nb\core\locale\core_nb_tr.jar;C:\Program Files\NetBeans 8.1\nb\core\locale\core_nb_zh_TW.jar;C:\Program Files\NetBeans 8.1\nb\core\locale\org-netbeans-upgrader_ca.jar;C:\Program Files\NetBeans 8.1\nb\core\locale\org-netbeans-upgrader_de.jar;C:\Program Files\NetBeans 8.1\nb\core\locale\org-netbeans-upgrader_es.jar;C:\Program Files\NetBeans 8.1\nb\core\locale\org-netbeans-upgrader_fr.jar;C:\Program Files\NetBeans 8.1\nb\core\locale\org-netbeans-upgrader_gl_ES.jar;C:\Program Files\NetBeans 8.1\nb\core\locale\org-netbeans-upgrader_it.jar;C:\Program Files\NetBeans 8.1\nb\core\locale\org-netbeans-upgrader_ko.jar;C:\Program Files\NetBeans 8.1\nb\core\locale\org-netbeans-upgrader_nl_NL.jar;C:\Program Files\NetBeans 8.1\nb\core\locale\org-netbeans-upgrader_sv.jar;C:\Program Files\NetBeans 8.1\nb\core\locale\org-netbeans-upgrader_tr.jar;C:\Program Files\NetBeans 8.1\nb\core\locale\org-netbeans-upgrader_zh_TW.jar" />
    <property name="jnlp.enabled" value="false" />
    <property name="java.vm.specification.version" value="1.8" />
    <property name="libs.hibernate4-support.src" value="" />
    <property name="netbeans.productversion" value="NetBeans IDE 8.1 (Build 201511021428)" />
    <property name="javafx.preloader.class" value="" />
    <property name="libs.jaxws21.src" value="" />
    <property name="application.title" value="logic-gates-simulator" />
    <property name="netbeans.autoupdate.language" value="it" />
    <property name="java.vendor" value="Oracle Corporation" />
    <property name="jar.index.metainf" value="false" />
    <property name="javac.debug" value="true" />
    <property name="javadoc.splitindex" value="true" />
    <property name="file.separator" value="\" />
    <property name="libs.junit_4.maven-pom" value="" />
    <property name="javac.test.processorpath" value="C:\Program Files\Java\jdk1.8.0_101\jre/lib/javaws.jar:C:\Program Files\Java\jdk1.8.0_101\jre/lib/deploy.jar:C:\Program Files\Java\jdk1.8.0_101\jre/lib/plugin.jar:build/classes:C:\Program Files\NetBeans 8.1\platform\modules\ext\junit-4.12.jar:C:\Program Files\NetBeans 8.1\platform\modules\ext\hamcrest-core-1.3.jar" />
    <property name="netbeans.buildnumber" value="201511021428" />
    <property name="libs.JWSAntTasks.javadoc" value="" />
    <property name="build.generated.sources.dir" value="build/generated-sources" />
    <property name="user.variant" value="" />
    <property name="libs.eclipselinkmodelgen.classpath" value="C:\Program Files\NetBeans 8.1\java\modules\ext\eclipselink\org.eclipse.persistence.jpa.modelgen_2.5.2.v20140319-9ad6abd.jar" />
    <property name="sun.java.launcher" value="SUN_STANDARD" />
    <property name="libs.hibernate4-persistencemodelgen.javadoc" value="" />
    <property name="libs.jaxb.javadoc" value="C:\Program Files\NetBeans 8.1\ide\docs\jaxb-api-doc.zip" />
    <property name="org.openide.awt.SwingBrowserImpl.do-not-block-awt" value="false" />
    <property name="ant.home" value="C:\Program Files\NetBeans 8.1\extide\ant" />
    <property name="libs.junit_4.src" value="C:\Program Files\NetBeans 8.1\platform\docs\junit-4.12-sources.jar" />
    <property name="javafx.run.height" value="600" />
    <property name="libs.testng.classpath" value="C:\Program Files\NetBeans 8.1\platform\modules\ext\testng-6.8.1-dist.jar" />
    <property name="libs.absolutelayout.maven-pom" value="" />
    <property name="ant.java.version" value="1.8" />
    <property name="java.library.path" value="C:\Program Files\Java\jdk1.8.0_101\jre\bin;C:\Windows\Sun\Java\bin;C:\Windows\system32;C:\Windows;C:\Program Files\Haskell\bin;C:\Program Files\Haskell Platform\8.0.1\lib\extralibs\bin;C:\Program Files\Haskell Platform\8.0.1\bin;C:\Program Files\Java\jdk1.8.0_101\bin;C:\ProgramData\Oracle\Java\javapath;C:\Windows\system32;C:\Windows;C:\Windows\System32\Wbem;C:\Windows\System32\WindowsPowerShell\v1.0\;C:\Program Files\Java\jdk1.8.0_60\bin\;C:\Users\Dias\Documents\sw\Nano\nano-2.4.2-win32;C:\Program Files\Microsoft SQL Server\110\Tools\Binn\;C:\Program Files\Microsoft SQL Server\120\Tools\Binn\;C:\Program Files\Microsoft DNX\Dnvm\;C:\Program Files (x86)\NVIDIA Corporation\PhysX\Common;C:\Program Files\MySQL\MySQL Server 5.5\bin;C:\Program Files (x86)\GtkSharp\2.12\bin;C:\Program Files (x86)\Network Associates\PGP;C:\Program Files (x86)\GNU\GnuPG\pub;C:\Users\Dias\Documents\sw\PlantUML;C:\Program Files\Git\cmd;C:\Program Files (x86)\MiKTeX 2.9\miktex\bin\;C:\Program Files\Haskell Platform\8.0.1\mingw\bin;C:\Program Files (x86)\LyX 2.2\Perl\bin;C:\Program Files (x86)\Bitvise SSH Client;C:\Program Files\MiKTeX 2.9\miktex\bin\x64\;C:\Program Files (x86)\Skype\Phone\;C:\Program Files\OpenVPN\bin;C:\Users\Dias\AppData\Roaming\cabal\bin;C:\Users\Dias\AppData\Roaming\local\bin;C:\Users\Dias\AppData\Local\atom\bin;C:\Users\Dias\mpv;C:\Users\Dias\AppData\Local\Pandoc\;." />
    <property name="javadoc.author" value="false" />
    <property name="java.util.logging.config.class" value="org.netbeans.core.startup.TopLogging" />
    <property name="libs.spring-framework400.src" value="" />
    <property name="libs.PostgreSQLDriver.src" value="" />
    <property name="sun.arch.data.model" value="64" />
    <property name="basedir" value="C:\Users\Dias\.github\Progetto\logic-gates-simulatorSAM - Copia\src" />
    <property name="libs.jpa20-persistence.maven-pom" value="" />
    <property name="jar.compress" value="false" />
    <property name="path.separator" value=";" />
    <property name="ant.junit.enabletestlistenerevents" value="true" />
    <property name="sun.io.unicode.encoding" value="UnicodeLittle" />
    <property name="libs.jaxws21.classpath" value="C:\Program Files\NetBeans 8.1\ide\modules\ext\jaxb\jaxb-impl.jar;C:\Program Files\NetBeans 8.1\ide\modules\ext\jaxb\jaxb-xjc.jar;C:\Program Files\NetBeans 8.1\java\modules\ext\jaxws22\FastInfoset.jar;C:\Program Files\NetBeans 8.1\java\modules\ext\jaxws22\gmbal-api-only.jar;C:\Program Files\NetBeans 8.1\java\modules\ext\jaxws22\ha-api.jar;C:\Program Files\NetBeans 8.1\java\modules\ext\jaxws22\javax.mail_1.4.jar;C:\Program Files\NetBeans 8.1\java\modules\ext\jaxws22\jaxws-rt.jar;C:\Program Files\NetBeans 8.1\java\modules\ext\jaxws22\jaxws-tools.jar;C:\Program Files\NetBeans 8.1\java\modules\ext\jaxws22\management-api.jar;C:\Program Files\NetBeans 8.1\java\modules\ext\jaxws22\mimepull.jar;C:\Program Files\NetBeans 8.1\java\modules\ext\jaxws22\policy.jar;C:\Program Files\NetBeans 8.1\java\modules\ext\jaxws22\saaj-impl.jar;C:\Program Files\NetBeans 8.1\java\modules\ext\jaxws22\stax-ex.jar;C:\Program Files\NetBeans 8.1\java\modules\ext\jaxws22\stax2-api.jar;C:\Program Files\NetBeans 8.1\java\modules\ext\jaxws22\streambuffer.jar;C:\Program Files\NetBeans 8.1\java\modules\ext\jaxws22\woodstox-core-asl.jar;C:\Program Files\NetBeans 8.1\java\modules\ext\jaxws22\api\jaxws-api.jar;C:\Program Files\NetBeans 8.1\java\modules\ext\jaxws22\api\jsr181-api.jar;C:\Program Files\NetBeans 8.1\java\modules\ext\jaxws22\api\javax.annotation.jar;C:\Program Files\NetBeans 8.1\java\modules\ext\jaxws22\api\saaj-api.jar;C:\Program Files\NetBeans 8.1\ide\modules\ext\jaxb\activation.jar;C:\Program Files\NetBeans 8.1\ide\modules\ext\jaxb\api\jaxb-api.jar;C:\Program Files\NetBeans 8.1\ide\modules\ext\jaxb\api\jsr173_1.0_api.jar" />
    <property name="compile.on.save" value="true" />
    <property name="apple.awt.graphics.UseQuartz" value="true" />
    <property name="user.language" value="it" />
    <property name="testng.mode" value="testng" />
    <property name="libs.JAXB-ENDORSED.maven-pom" value="" />
    <property name="libs.eclipselink.maven-pom" value="" />
    <property name="application.vendor" value="A4XX-COLCRI" />
    <property name="test.binaryincludes" value="&lt;nothing&gt;" />
    <property name="manifest.available" value="true" />
    <property name="libs.spring-framework300.maven-pom" value="" />
    <property name="run.test.classpath" value="C:\Program Files\Java\jdk1.8.0_101\jre/lib/javaws.jar:C:\Program Files\Java\jdk1.8.0_101\jre/lib/deploy.jar:C:\Program Files\Java\jdk1.8.0_101\jre/lib/plugin.jar:build/classes:C:\Program Files\NetBeans 8.1\platform\modules\ext\junit-4.12.jar:C:\Program Files\NetBeans 8.1\platform\modules\ext\hamcrest-core-1.3.jar:build/test/classes" />
    <property name="ant.project.invoked-targets" value="test" />
    <property name="test.binaryexcludes" value="" />
    <property name="libs.swing-layout.javadoc" value="C:\Program Files\NetBeans 8.1\platform\docs\swing-layout-1.0.4-doc.zip" />
    <property name="sun.java2d.dpiaware" value="true" />
    <property name="libs.hibernate4-persistence.maven-pom" value="" />
    <property name="https.nonProxyHosts" value="localhost|127.0.0.1|A4XX-diasam" />
    <property name="libs.PostgreSQLDriver.maven-pom" value="" />
    <property name="java.class.version" value="52.0" />
    <property name="libs.hibernate4-persistencemodelgen.maven-pom" value="" />
    <property name="libs.eclipselink.javadoc" value="C:\Program Files\NetBeans 8.1\java\modules\ext\docs\javax.persistence-2.1.0-doc.zip" />
    <property name="ant.file.logic-gates-simulator" value="C:\Users\Dias\.github\Progetto\logic-gates-simulatorSAM - Copia\src\build.xml" />
    <property name="user.properties.file" value="C:\Users\Dias\AppData\Roaming\NetBeans\8.1\build.properties" />
    <property name="runtime.encoding" value="UTF-8" />
    <property name="javafx.rebase.libs" value="false" />
    <property name="libs.javac-api.maven-pom" value="" />
    <property name="file.encoding.pkg" value="sun.io" />
    <property name="sun.cpu.endian" value="little" />
    <property name="libs.JAXB-ENDORSED.javadoc" value="" />
    <property name="libs.JWSAntTasks.classpath" value="C:\Program Files\NetBeans 8.1\java\ant\extra\org-netbeans-modules-javawebstart-anttasks.jar" />
    <property name="libs.spring-framework300.src" value="" />
    <property name="empty.dir" value="C:\Users\Dias\.github\Progetto\logic-gates-simulatorSAM - Copia\src\build\empty" />
    <property name="javafx.deploy.backgroundupdate" value="false" />
    <property name="javafx.disable.concurrent.runs" value="false" />
    <property name="version-output" value="java version &quot;1.8" />
    <property name="test.binarytestincludes" value="" />
    <property name="libs.hibernate4-persistencemodelgen.src" value="" />
    <property name="javafx.preloader.jar.path" value="" />
    <property name="javadoc.preview" value="true" />
    <property name="libs.jpa20-persistence.javadoc" value="C:\Program Files\NetBeans 8.1\java\modules\ext\docs\javax.persistence-2.1.0-doc.zip" />
    <property name="java.home" value="C:\Program Files\Java\jdk1.8.0_101\jre" />
    <property name="debug.test.classpath" value="C:\Program Files\Java\jdk1.8.0_101\jre/lib/javaws.jar:C:\Program Files\Java\jdk1.8.0_101\jre/lib/deploy.jar:C:\Program Files\Java\jdk1.8.0_101\jre/lib/plugin.jar:build/classes:C:\Program Files\NetBeans 8.1\platform\modules\ext\junit-4.12.jar:C:\Program Files\NetBeans 8.1\platform\modules\ext\hamcrest-core-1.3.jar:build/test/classes" />
    <property name="netbeans.importclass" value="org.netbeans.upgrade.AutoUpgrade" />
    <property name="ant.project.default-target" value="default" />
    <property name="annotation.processing.run.all.processors" value="true" />
    <property name="jar.archive.disabled" value="true" />
    <property name="libs.PostgreSQLDriver.javadoc" value="" />
    <property name="javafx.main.class" value="lgs.LogicGatesSimulator" />
    <property name="libs.MySQLDriver.maven-pom" value="" />
    <property name="libs.hibernate4-persistence.javadoc" value="C:\Program Files\NetBeans 8.1\java\modules\ext\docs\javax.persistence-2.1.0-doc.zip" />
    <property name="javafx.application.implementation.version" value="1.0" />
    <property name="http.nonProxyHosts" value="localhost|127.0.0.1|A4XX-diasam" />
    <property name="libs.junit_4.javadoc" value="C:\Program Files\NetBeans 8.1\platform\docs\junit-4.12-javadoc.jar" />
    <property name="run.classpath" value="dist/logic-gates-simulator.jar:C:\Program Files\Java\jdk1.8.0_101\jre/lib/javaws.jar:C:\Program Files\Java\jdk1.8.0_101\jre/lib/deploy.jar:C:\Program Files\Java\jdk1.8.0_101\jre/lib/plugin.jar:build/classes" />
    <property name="jna.boot.library.name" value="jnidispatch-410" />
    <property name="sun.awt.datatransfer.timeout" value="1000" />
    <property name="libs.jpa2-persistence.maven-pom" value="" />
    <property name="annotation.processing.enabled.in.editor" value="false" />
    <property name="libs.hibernate4-support.classpath" value="C:\Program Files\NetBeans 8.1\java\modules\ext\hibernate4\antlr-2.7.7.jar;C:\Program Files\NetBeans 8.1\java\modules\ext\hibernate4\c3p0-0.9.2.1.jar;C:\Program Files\NetBeans 8.1\java\modules\ext\hibernate4\hibernate-c3p0-4.3.1.Final.jar;C:\Program Files\NetBeans 8.1\java\modules\ext\hibernate4\mchange-commons-java-0.2.3.4.jar;C:\Program Files\NetBeans 8.1\java\modules\ext\hibernate4\dom4j-1.6.1.jar;C:\Program Files\NetBeans 8.1\java\modules\ext\hibernate4\ehcache-core-2.4.3.jar;C:\Program Files\NetBeans 8.1\java\modules\ext\hibernate4\hibernate-ehcache-4.3.1.Final.jar;C:\Program Files\NetBeans 8.1\java\modules\ext\hibernate4\hibernate-core-4.3.1.Final.jar;C:\Program Files\NetBeans 8.1\java\modules\ext\hibernate4\jboss-logging-3.1.3.GA.jar;C:\Program Files\NetBeans 8.1\java\modules\ext\hibernate4\hibernate-commons-annotations-4.0.4.Final.jar;C:\Program Files\NetBeans 8.1\java\modules\ext\hibernate4\hibernate-entitymanager-4.3.1.Final.jar;C:\Program Files\NetBeans 8.1\java\modules\ext\hibernate4\javassist-3.18.1-GA.jar;C:\Program Files\NetBeans 8.1\java\modules\ext\hibernate4\jboss-transaction-api_1.2_spec-1.0.0.Final.jar;C:\Program Files\NetBeans 8.1\java\modules\ext\hibernate4\slf4j-api-1.6.1.jar;C:\Program Files\NetBeans 8.1\java\modules\ext\hibernate4\slf4j-simple-1.6.1.jar" />
    <property name="nb.native.filechooser" value="false" />
    <property name="sun.management.compiler" value="HotSpot 64-Bit Tiered Compilers" />
    <property name="javac.deprecation" value="false" />
    <property name="javadoc.use" value="true" />
    <property name="sun.java2d.noddraw" value="true" />
    <property name="javac.processorpath" value="C:\Program Files\Java\jdk1.8.0_101\jre/lib/javaws.jar:C:\Program Files\Java\jdk1.8.0_101\jre/lib/deploy.jar:C:\Program Files\Java\jdk1.8.0_101\jre/lib/plugin.jar" />
    <property name="libs.hamcrest.maven-pom" value="" />
    <property name="javac.compilerargs" value="" />
    <property name="ant.file" value="C:\Users\Dias\.github\Progetto\logic-gates-simulatorSAM - Copia\src\build.xml" />
    <property name="libs.beans-binding.maven-pom" value="" />
    <property name="libs.hibernate4-support.javadoc" value="C:\Program Files\NetBeans 8.1\java\modules\ext\docs\javax.persistence-2.1.0-doc.zip" />
    <property name="libs.beans-binding.src" value="" />
    <property name="java.vm.specification.vendor" value="Oracle Corporation" />
    <property name="libs.swing-layout.src" value="C:\Program Files\NetBeans 8.1\platform\docs\swing-layout-1.0.4-src.zip" />
    <property name="org.openide.major.version" value="IDE/1" />
    <property name="java.vm.name" value="Java HotSpot(TM) 64-Bit Server VM" />
    <property name="javafx.preloader.jar.filename" value="" />
    <property name="netbeans.user" value="C:\Users\Dias\AppData\Roaming\NetBeans\8.1" />
    <property name="javadoc.additionalparam" value="" />
    <property name="java.io.tmpdir" value="C:\Users\Dias\AppData\Local\Temp\" />
    <property name="java.vendor.url" value="http://java.oracle.com/" />
    <property name="endorsed.classpath.cmd.line.arg" value="" />
    <property name="junit.available" value="true" />
    <property name="org.openide.awt.ActionReference.completion" value="org.netbeans.modules.apisupport.project.layers.PathCompletions" />
    <property name="sun.boot.library.path" value="C:\Program Files\Java\jdk1.8.0_101\jre\bin" />
    <property name="have.sources" value="true" />
    <property name="libs.hamcrest.javadoc" value="" />
    <property name="debug.classpath" value="dist/logic-gates-simulator.jar:C:\Program Files\Java\jdk1.8.0_101\jre/lib/javaws.jar:C:\Program Files\Java\jdk1.8.0_101\jre/lib/deploy.jar:C:\Program Files\Java\jdk1.8.0_101\jre/lib/plugin.jar:build/classes" />
    <property name="javadoc.private" value="false" />
    <property name="test.src.dir" value="test" />
    <property name="ap.processors.internal" value="" />
    <property name="meta.inf.dir" value="src/META-INF" />
    <property name="javadoc.encoding.used" value="UTF-8" />
    <property name="dist.jar" value="dist/logic-gates-simulator.jar" />
    <property name="libs.spring-framework400.maven-pom" value="" />
    <property name="java.runtime.name" value="Java(TM) SE Runtime Environment" />
    <property name="ant.project.name" value="logic-gates-simulator" />
    <property name="netbeans.hash.code" value="unique=NB_EXTIDE_JAVA0b65720fe-5215-4046-82b0-6cf70ecf3527_50d63fd7-bced-4852-a560-63d625f6ac68" />
    <property name="netbeans.default_userdir_root" value="C:\Users\Dias\AppData\Roaming\NetBeans" />
    <property name="sun.cpu.isalist" value="amd64" />
    <property name="libs.spring-framework400.javadoc" value="" />
    <property name="libs.CopyLibs.javadoc" value="" />
    <property name="org.openide.specification.version" value="6.2" />
    <property name="javafx.classpath.extension" value="C:\Program Files\Java\jdk1.8.0_101\jre/lib/javaws.jar:C:\Program Files\Java\jdk1.8.0_101\jre/lib/deploy.jar:C:\Program Files\Java\jdk1.8.0_101\jre/lib/plugin.jar" />
    <property name="user.home" value="C:\Users\Dias" />
    <property name="annotation.processing.processors.list" value="" />
    <property name="debug-args-line" value="-Xdebug" />
    <property name="libs.JWSAntTasks.src" value="" />
    <property name="jar.index" value="false" />
    <property name="libs.CopyLibs.maven-pom" value="" />
    <property name="libs.spring-framework300.javadoc" value="" />
    <property name="libs.absolutelayout.javadoc" value="" />
    <property name="java.specification.name" value="Java Platform API Specification" />
    <property name="java.specification.vendor" value="Oracle Corporation" />
    <property name="libs.javac-api.classpath" value="C:\Program Files\NetBeans 8.1\java\modules\ext\nb-javac-api.jar" />
    <property name="java.version" value="1.8.0_101" />
    <property name="run.jvmargs.ide" value="" />
    <property name="javadoc.version" value="false" />
    <property name="libs.MySQLDriver.javadoc" value="" />
    <property name="org.openide.version" value="deprecated" />
    <property name="platform.java" value="C:\Program Files\Java\jdk1.8.0_101\jre/bin/java" />
    <property name="source.encoding" value="UTF-8" />
    <property name="ap.cmd.line.internal" value="" />
    <property name="libs.eclipselinkmodelgen.maven-pom" value="" />
    <property name="ant.file.type.jfx-impl" value="file" />
    <property name="libs.eclipselinkmodelgen.javadoc" value="" />
    <property name="ant.file.jfx-impl" value="C:\Users\Dias\.github\Progetto\logic-gates-simulatorSAM - Copia\src\nbproject\jfx-impl.xml" />
    <property name="netbeans.home+have.tests" value="true" />
    <property name="annotation.processing.processor.options" value="" />
    <property name="libs.testng.maven-pom" value="" />
    <property name="libs.jaxb.src" value="" />
    <property name="work.dir" value="C:\Users\Dias\.github\Progetto\logic-gates-simulatorSAM - Copia\src" />
    <property name="compile.on.save.unsupported.javafx" value="true" />
    <property name="libs.jaxb.classpath" value="C:\Program Files\NetBeans 8.1\ide\modules\ext\jaxb\jaxb-impl.jar;C:\Program Files\NetBeans 8.1\ide\modules\ext\jaxb\jaxb-xjc.jar;C:\Program Files\NetBeans 8.1\ide\modules\ext\jaxb\jaxb1-impl.jar;C:\Program Files\NetBeans 8.1\ide\modules\ext\jaxb\activation.jar;C:\Program Files\NetBeans 8.1\ide\modules\ext\jaxb\api\jaxb-api.jar;C:\Program Files\NetBeans 8.1\ide\modules\ext\jaxb\api\jsr173_1.0_api.jar" />
    <property name="do.depend" value="false" />
    <property name="dist.javadoc.dir" value="dist/javadoc" />
    <property name="libs.swing-layout.classpath" value="C:\Program Files\NetBeans 8.1\platform\modules\ext\swing-layout-1.0.4.jar" />
    <property name="build.generated.dir" value="build/generated" />
    <property name="javac.source" value="1.8" />
    <property name="javafx.fallback.class" value="com.javafx.main.NoJavaFXFallback" />
    <property name="line.separator" value="&#xd;&#xa;" />
    <property name="java.specification.version" value="1.8" />
    <property name="libs.jaxws21.maven-pom" value="" />
    <property name="java.vm.info" value="mixed mode" />
    <property name="nb.junit.batch" value="true" />
    <property name="ant.file.type.logic-gates-simulator-impl" value="file" />
    <property name="junit.forkmode" value="perTest" />
    <property name="sun.boot.class.path" value="C:\Program Files\Java\jdk1.8.0_101\jre\lib\resources.jar;C:\Program Files\Java\jdk1.8.0_101\jre\lib\rt.jar;C:\Program Files\Java\jdk1.8.0_101\jre\lib\sunrsasign.jar;C:\Program Files\Java\jdk1.8.0_101\jre\lib\jsse.jar;C:\Program Files\Java\jdk1.8.0_101\jre\lib\jce.jar;C:\Program Files\Java\jdk1.8.0_101\jre\lib\charsets.jar;C:\Program Files\Java\jdk1.8.0_101\jre\lib\jfr.jar;C:\Program Files\Java\jdk1.8.0_101\jre\classes" />
    <property name="javac.target" value="1.8" />
    <property name="built-jar.properties" value="C:\Users\Dias\.github\Progetto\logic-gates-simulatorSAM - Copia\src\build\built-jar.properties" />
    <property name="build.test.classes.dir" value="build/test/classes" />
    <property name="src.dir" value="src" />
    <property name="annotation.processing.enabled" value="true" />
    <property name="libs.jpa2-persistence.src" value="" />
    <property name="sun.awt.keepWorkingSetOnMinimize" value="true" />
    <property name="libs.jpa20-persistence.src" value="" />
    <property name="javafx.enable.concurrent.external.runs" value="false" />
    <property name="javafx.deploy.embedJNLP" value="true" />
    <property name="dist.dir" value="dist" />
    <property name="testng.debug.mode" value="" />
    <property name="javac.fork" value="false" />
    <property name="java.awt.printerjob" value="sun.awt.windows.WPrinterJob" />
    <property name="ant.file.type.logic-gates-simulator" value="file" />
    <property name="default.javac.source" value="1.8" />
    <property name="debug-transport-by-os" value="dt_shmem" />
    <property name="libs.MySQLDriver.src" value="" />
    <property name="sun.jnu.encoding" value="Cp1252" />
    <property name="java.runtime.version" value="1.8.0_101-b13" />
    <property name="build.test.results.dir" value="build/test/results" />
    <property name="default.javac.target" value="1.8" />
    <property name="libs.junit_4.classpath" value="C:\Program Files\NetBeans 8.1\platform\modules\ext\junit-4.12.jar" />
    <property name="user.timezone" value="" />
    <property name="nb.junit.single" value="false" />
    <property name="netbeans.dirs" value="C:\Program Files\NetBeans 8.1\nb;C:\Program Files\NetBeans 8.1\ergonomics;C:\Program Files\NetBeans 8.1\ide;C:\Program Files\NetBeans 8.1\extide;C:\Program Files\NetBeans 8.1\java;C:\Program Files\NetBeans 8.1\apisupport;C:\Program Files\NetBeans 8.1\webcommon;C:\Program Files\NetBeans 8.1\websvccommon;C:\Program Files\NetBeans 8.1\enterprise;C:\Program Files\NetBeans 8.1\mobility;C:\Program Files\NetBeans 8.1\profiler;C:\Program Files\NetBeans 8.1\python;C:\Program Files\NetBeans 8.1\php;C:\Program Files\NetBeans 8.1\identity;C:\Program Files\NetBeans 8.1\harness;C:\Program Files\NetBeans 8.1\cnd;C:\Program Files\NetBeans 8.1\cndext;C:\Program Files\NetBeans 8.1\dlight;C:\Program Files\NetBeans 8.1\groovy;C:\Program Files\NetBeans 8.1\extra;C:\Program Files\NetBeans 8.1\javacard;C:\Program Files\NetBeans 8.1\javafx" />
    <property name="java.ext.dirs" value="C:\Program Files\Java\jdk1.8.0_101\jre\lib\ext;C:\Windows\Sun\Java\lib\ext" />
    <property name="endorsed.classpath" value="" />
    <property name="libs.absolutelayout.classpath" value="C:\Program Files\NetBeans 8.1\java\modules\ext\AbsoluteLayout.jar" />
    <property name="excludes" value="" />
    <property name="libs.jpa2-persistence.javadoc" value="C:\Program Files\NetBeans 8.1\java\modules\ext\docs\javax.persistence-2.1.0-doc.zip" />
    <property name="java.class.path" value="C:\Program Files\Java\jdk1.8.0_101\jre\lib\javaws.jar;C:\Program Files\Java\jdk1.8.0_101\jre\lib\deploy.jar;C:\Program Files\Java\jdk1.8.0_101\jre\lib\plugin.jar;C:\Users\Dias\.github\Progetto\logic-gates-simulatorSAM - Copia\src\build\classes;C:\Program Files\NetBeans 8.1\platform\modules\ext\junit-4.12.jar;C:\Program Files\NetBeans 8.1\platform\modules\ext\hamcrest-core-1.3.jar;C:\Users\Dias\.github\Progetto\logic-gates-simulatorSAM - Copia\src\build\test\classes;C:\Program Files\NetBeans 8.1\extide\ant\lib\ant-launcher.jar;C:\Program Files\NetBeans 8.1\extide\ant\lib\ant.jar;C:\Program Files\NetBeans 8.1\extide\ant\lib\ant-junit.jar;C:\Program Files\NetBeans 8.1\extide\ant\lib\ant-junit4.jar;C:\Users\Dias\AppData\Roaming\NetBeans\8.1\modules\ext\jacocoagent.jar" />
    <property name="apple.laf.useScreenMenuBar" value="true" />
    <property name="libs.absolutelayout.src" value="" />
    <property name="libs.jpa20-persistence.classpath" value="C:\Program Files\NetBeans 8.1\java\modules\ext\eclipselink\javax.persistence_2.1.0.v201304241213.jar" />
    <property name="os.version" value="6.3" />
    <property name="application.args" value="" />
    <property name="manifest.custom.permissions" value="" />
    <property name="main.class.available" value="true" />
    <property name="sun.awt.enableExtraMouseButtons" value="true" />
    <property name="sun.desktop" value="windows" />
    <property name="libs.hibernate4-persistence.src" value="" />
    <property name="libs.hibernate4-support.maven-pom" value="" />
    <property name="javafx.deploy.allowoffline" value="true" />
    <property name="libs.JAXB-ENDORSED.classpath" value="C:\Program Files\NetBeans 8.1\ide\modules\ext\jaxb\api\jaxb-api.jar" />
    <property name="libs.eclipselink.classpath" value="C:\Program Files\NetBeans 8.1\java\modules\ext\eclipselink\eclipselink.jar;C:\Program Files\NetBeans 8.1\java\modules\ext\eclipselink\javax.persistence_2.1.0.v201304241213.jar;C:\Program Files\NetBeans 8.1\java\modules\ext\eclipselink\org.eclipse.persistence.jpa.jpql_2.5.2.v20140319-9ad6abd.jar" />
    <property name="ant.file.logic-gates-simulator-impl" value="C:\Users\Dias\.github\Progetto\logic-gates-simulatorSAM - Copia\src\nbproject\build-impl.xml" />
    <property name="libs.beans-binding.javadoc" value="C:\Program Files\NetBeans 8.1\java\docs\beansbinding-1.2.1-doc.zip" />
    <property name="java.awt.graphicsenv" value="sun.awt.Win32GraphicsEnvironment" />
    <property name="java.vm.vendor" value="Oracle Corporation" />
    <property name="libs.CopyLibs.classpath" value="C:\Program Files\NetBeans 8.1\java\ant\extra\org-netbeans-modules-java-j2seproject-copylibstask.jar" />
    <property name="libs.spring-framework300.classpath" value="C:\Program Files\NetBeans 8.1\ide\modules\org-apache-commons-logging.jar;C:\Program Files\NetBeans 8.1\java\modules\ext\cglib-2.2.jar;C:\Program Files\NetBeans 8.1\java\modules\ext\spring-3.0\spring-aop-3.2.7.RELEASE.jar;C:\Program Files\NetBeans 8.1\java\modules\ext\spring-3.0\spring-aspects-3.2.7.RELEASE.jar;C:\Program Files\NetBeans 8.1\java\modules\ext\spring-3.0\spring-beans-3.2.7.RELEASE.jar;C:\Program Files\NetBeans 8.1\java\modules\ext\spring-3.0\spring-build-src-3.2.7.RELEASE.jar;C:\Program Files\NetBeans 8.1\java\modules\ext\spring-3.0\spring-context-3.2.7.RELEASE.jar;C:\Program Files\NetBeans 8.1\java\modules\ext\spring-3.0\spring-context-support-3.2.7.RELEASE.jar;C:\Program Files\NetBeans 8.1\java\modules\ext\spring-3.0\spring-core-3.2.7.RELEASE.jar;C:\Program Files\NetBeans 8.1\java\modules\ext\spring-3.0\spring-expression-3.2.7.RELEASE.jar;C:\Program Files\NetBeans 8.1\java\modules\ext\spring-3.0\spring-framework-bom-3.2.7.RELEASE.jar;C:\Program Files\NetBeans 8.1\java\modules\ext\spring-3.0\spring-instrument-3.2.7.RELEASE.jar;C:\Program Files\NetBeans 8.1\java\modules\ext\spring-3.0\spring-instrument-tomcat-3.2.7.RELEASE.jar;C:\Program Files\NetBeans 8.1\java\modules\ext\spring-3.0\spring-jdbc-3.2.7.RELEASE.jar;C:\Program Files\NetBeans 8.1\java\modules\ext\spring-3.0\spring-jms-3.2.7.RELEASE.jar;C:\Program Files\NetBeans 8.1\java\modules\ext\spring-3.0\spring-orm-3.2.7.RELEASE.jar;C:\Program Files\NetBeans 8.1\java\modules\ext\spring-3.0\spring-oxm-3.2.7.RELEASE.jar;C:\Program Files\NetBeans 8.1\java\modules\ext\spring-3.0\spring-struts-3.2.7.RELEASE.jar;C:\Program Files\NetBeans 8.1\java\modules\ext\spring-3.0\spring-test-3.2.7.RELEASE.jar;C:\Program Files\NetBeans 8.1\java\modules\ext\spring-3.0\spring-tx-3.2.7.RELEASE.jar;C:\Program Files\NetBeans 8.1\java\modules\ext\spring-3.0\spring-web-3.2.7.RELEASE.jar;C:\Program Files\NetBeans 8.1\java\modules\ext\spring-3.0\spring-webmvc-3.2.7.RELEASE.jar;C:\Program Files\NetBeans 8.1\java\modules\ext\spring-3.0\spring-webmvc-portlet-3.2.7.RELEASE.jar" />
    <property name="libs.hamcrest.src" value="" />
    <property name="run.jvmargs" value="  -javaagent:&quot;C:\Users\Dias\AppData\Roaming\NetBeans\8.1\modules\ext\jacocoagent.jar&quot;=includes=lgs.*:lgs.gates.*:lgs.model.*,destfile=&quot;C:\Users\Dias\.github\Progetto\logic-gates-simulatorSAM - Copia\src\jacoco.exec-635581229956265&quot;" />
    <property name="libs.hibernate4-persistence.classpath" value="C:\Program Files\NetBeans 8.1\java\modules\ext\hibernate4\antlr-2.7.7.jar;C:\Program Files\NetBeans 8.1\java\modules\ext\hibernate4\c3p0-0.9.2.1.jar;C:\Program Files\NetBeans 8.1\java\modules\ext\hibernate4\hibernate-c3p0-4.3.1.Final.jar;C:\Program Files\NetBeans 8.1\java\modules\ext\hibernate4\mchange-commons-java-0.2.3.4.jar;C:\Program Files\NetBeans 8.1\java\modules\ext\hibernate4\dom4j-1.6.1.jar;C:\Program Files\NetBeans 8.1\java\modules\ext\hibernate4\ehcache-core-2.4.3.jar;C:\Program Files\NetBeans 8.1\java\modules\ext\hibernate4\hibernate-ehcache-4.3.1.Final.jar;C:\Program Files\NetBeans 8.1\java\modules\ext\hibernate4\hibernate-core-4.3.1.Final.jar;C:\Program Files\NetBeans 8.1\java\modules\ext\hibernate4\jboss-logging-3.1.3.GA.jar;C:\Program Files\NetBeans 8.1\java\modules\ext\hibernate4\hibernate-commons-annotations-4.0.4.Final.jar;C:\Program Files\NetBeans 8.1\java\modules\ext\hibernate4\hibernate-entitymanager-4.3.1.Final.jar;C:\Program Files\NetBeans 8.1\java\modules\ext\hibernate4\javassist-3.18.1-GA.jar;C:\Program Files\NetBeans 8.1\java\modules\ext\hibernate4\jboss-transaction-api_1.2_spec-1.0.0.Final.jar;C:\Program Files\NetBeans 8.1\java\modules\ext\hibernate4\slf4j-api-1.6.1.jar;C:\Program Files\NetBeans 8.1\java\modules\ext\hibernate4\slf4j-simple-1.6.1.jar;C:\Program Files\NetBeans 8.1\java\modules\ext\hibernate4\hibernate-jpa-2.1-api-1.0.0.Final.jar" />
    <property name="libs.JAXB-ENDORSED.src" value="" />
    <property name="libs.testng.javadoc" value="C:\Program Files\NetBeans 8.1\platform\docs\testng-6.8.1-javadoc.zip" />
    <property name="user.script" value="" />
    <property name="libs.PostgreSQLDriver.classpath" value="C:\Program Files\NetBeans 8.1\ide\modules\ext\postgresql-9.2-1002.jdbc4.jar" />
    <property name="libs.hibernate4-persistencemodelgen.classpath" value="C:\Program Files\NetBeans 8.1\java\modules\ext\hibernate4\hibernate-jpamodelgen-4.3.1.Final.jar" />
    <property name="annotation.processing.source.output" value="build/generated-sources/ap-source-output" />
    <property name="main.class" value="com.javafx.main.Main" />
    <property name="libs.CopyLibs.src" value="" />
    <property name="build.dir" value="build" />
    <property name="ant.version" value="Apache Ant(TM) version 1.9.4 compiled on April 29 2014" />
    <property name="file.encoding" value="Cp1252" />
    <property name="build.classes.excludes" value="**/*.java,**/*.form" />
    <property name="jdkBug6558476" value="false" />
    <property name="javadoc.nonavbar" value="false" />
    <property name="platform.active" value="default_platform" />
    <property name="awt.toolkit" value="sun.awt.windows.WToolkit" />
  </properties>
  <testcase classname="lgs.model.CircuitTest" name="testAttachInput" time="0.007" />
  <testcase classname="lgs.model.CircuitTest" name="testAddInput" time="0.003">
    <error message="lgs.model.Input cannot be cast to lgs.model.Output" type="java.lang.ClassCastException">java.lang.ClassCastException: lgs.model.Input cannot be cast to lgs.model.Output
	at lgs.model.Circuit.addInput(Circuit.java:47)
	at lgs.model.CircuitTest.testAddInput(CircuitTest.java:102)
</error>
  </testcase>
  <testcase classname="lgs.model.CircuitTest" name="testAddCircuitComponent" time="0.001">
    <failure message="The test case is a prototype." type="junit.framework.AssertionFailedError">junit.framework.AssertionFailedError: The test case is a prototype.
	at lgs.model.CircuitTest.testAddCircuitComponent(CircuitTest.java:88)
</failure>
  </testcase>
  <testcase classname="lgs.model.CircuitTest" name="testSetInputs" time="0.0" />
  <testcase classname="lgs.model.CircuitTest" name="testGetComponents" time="0.001">
    <failure message="expected:&lt;null&gt; but was:&lt;[]&gt;" type="junit.framework.AssertionFailedError">junit.framework.AssertionFailedError: expected:&lt;null&gt; but was:&lt;[]&gt;
	at lgs.model.CircuitTest.testGetComponents(CircuitTest.java:45)
</failure>
  </testcase>
  <testcase classname="lgs.model.CircuitTest" name="testGetInputs" time="0.0" />
  <testcase classname="lgs.model.CircuitTest" name="testSetComponents" time="0.0">
    <failure message="The test case is a prototype." type="junit.framework.AssertionFailedError">junit.framework.AssertionFailedError: The test case is a prototype.
	at lgs.model.CircuitTest.testSetComponents(CircuitTest.java:75)
</failure>
  </testcase>
  <testcase classname="lgs.model.CircuitTest" name="testDeattachInput" time="0.0" />
  <system-out><![CDATA[attachInput
addInput
addCircuitComponent
setInputs
getComponents
getInputs
setComponents
deattachInput
]]></system-out>
  <system-err><![CDATA[]]></system-err>
</testsuite>
